[2025-11-06 22:16:25] [INFO] User Samarth logged in
[2025-11-06 22:26:02] [INFO] User Sam logged in
[2025-11-06 23:05:36] [INFO] User Sam logged in
[2025-11-06 23:16:01] [INFO] User Sam logged in
[2025-11-06 23:22:35] [INFO] User Sam logged in
[2025-11-07 00:49:46] [INFO] User Sam logged in
[2025-11-07 00:57:49] [INFO] User Sam logged in
[2025-11-07 01:00:48] [INFO] User Ghutna logged in
[2025-11-07 01:16:50] [INFO] User Sam logged in
[2025-11-07 01:17:24] [INFO] User Ghutna logged in
[2025-11-07 01:18:33] [INFO] User Ghutna logged in
[2025-11-07 01:19:04] [INFO] User Sam logged in
[2025-11-07 01:26:50] [INFO] User Sam logged in
[2025-11-07 01:27:01] [INFO] User Sam logged in
[2025-11-07 01:27:12] [INFO] User Ghutna logged in
[2025-11-08 21:23:13] [INFO] User SAMARTH logged in
[2025-11-08 21:37:48] [INFO] User hello logged in
[2025-11-08 21:41:23] [INFO] User Hello logged in
[2025-11-08 23:14:02] [INFO] User ssss logged in
[2025-11-08 23:15:02] [INFO] User samyak logged in
[2025-11-08 23:16:13] [INFO] User samyak logged in
[2025-11-13 15:33:04] [INFO] User Samarth logged in
[2025-11-13 15:45:53] [INFO] User Samarth logged in
[2025-11-13 16:17:21] [INFO] User Sam logged in
