[2025-11-06 22:13:39] [INFO] Starting Name Server on port 8080
[2025-11-06 22:13:39] [INFO] No persistent data found, starting fresh
[2025-11-06 22:13:39] [INFO] Name Server listening for connections...
[2025-11-06 22:15:49] [INFO] New connection from 127.0.0.1:50784
[2025-11-06 22:15:49] [REQUEST] From client:4 [] - Operation
[2025-11-06 22:15:49] [INFO] Registered Storage Server 0: 127.0.0.1:9001 (client_port: 9101)
[2025-11-06 22:15:49] [INFO] Client disconnected
[2025-11-06 22:16:25] [INFO] New connection from 127.0.0.1:40674
[2025-11-06 22:16:25] [REQUEST] From client:5 [Samarth] - Operation
[2025-11-06 22:16:25] [INFO] Registered Client: Samarth from 127.0.0.1:10000
[2025-11-06 22:16:28] [REQUEST] From client:5 [Samarth] - Operation
[2025-11-06 22:16:28] [RESPONSE] To client:5 - Status: 0, VIEW command completed
[2025-11-06 22:16:36] [REQUEST] From client:5 [Samarth] - Operation
[2025-11-06 22:16:36] [RESPONSE] To client:5 - Status: 0, VIEW command completed
[2025-11-06 22:16:46] [REQUEST] From client:5 [Samarth] - Operation
[2025-11-06 22:16:46] [INFO] File created: sam.txt by Samarth on SS 0
[2025-11-06 22:16:53] [REQUEST] From client:5 [Samarth] - Operation
[2025-11-06 22:16:53] [RESPONSE] To client:5 - Status: 0, VIEW command completed
[2025-11-06 22:16:57] [REQUEST] From client:5 [Samarth] - Operation
[2025-11-06 22:16:57] [RESPONSE] To client:5 - Status: 0, VIEW command completed
[2025-11-06 22:17:35] [REQUEST] From client:5 [Samarth] - Operation
[2025-11-06 22:18:13] [REQUEST] From client:5 [Samarth] - Operation
[2025-11-06 22:18:28] [REQUEST] From client:5 [Samarth] - Operation
[2025-11-06 22:19:22] [REQUEST] From client:5 [Samarth] - Operation
[2025-11-06 22:19:42] [REQUEST] From client:5 [Samarth] - Operation
[2025-11-06 22:23:19] [REQUEST] From client:5 [Samarth] - Operation
[2025-11-06 22:23:19] [RESPONSE] To client:5 - Status: 0, VIEW command completed
[2025-11-06 22:23:24] [REQUEST] From client:5 [Samarth] - Operation
[2025-11-06 22:23:24] [RESPONSE] To client:5 - Status: 0, VIEW command completed
[2025-11-06 22:23:28] [REQUEST] From client:5 [Samarth] - Operation
[2025-11-06 22:23:28] [RESPONSE] To client:5 - Status: 0, VIEW command completed
[2025-11-06 22:23:40] [REQUEST] From client:5 [Samarth] - Operation
[2025-11-06 22:24:07] [REQUEST] From client:5 [Samarth] - Operation
[2025-11-06 22:25:27] [INFO] Client disconnected
[2025-11-06 22:25:43] [INFO] Starting Name Server on port 8080
[2025-11-06 22:25:43] [INFO] Loaded 1 files and 1 storage servers from persistent storage
[2025-11-06 22:25:43] [INFO] Name Server listening for connections...
[2025-11-06 22:25:46] [INFO] New connection from 127.0.0.1:47810
[2025-11-06 22:25:46] [REQUEST] From client:4 [] - Operation
[2025-11-06 22:25:46] [INFO] Registered Storage Server 1: 127.0.0.1:9001 (client_port: 9101)
[2025-11-06 22:25:46] [INFO] Client disconnected
[2025-11-06 22:26:02] [INFO] New connection from 127.0.0.1:57504
[2025-11-06 22:26:02] [REQUEST] From client:5 [Sam] - Operation
[2025-11-06 22:26:02] [INFO] Registered Client: Sam from 127.0.0.1:10000
[2025-11-06 22:26:08] [REQUEST] From client:5 [Sam] - Operation
[2025-11-06 22:26:08] [RESPONSE] To client:5 - Status: 0, VIEW command completed
[2025-11-06 22:26:15] [REQUEST] From client:5 [Sam] - Operation
[2025-11-06 22:26:24] [REQUEST] From client:5 [Sam] - Operation
[2025-11-06 22:26:24] [RESPONSE] To client:5 - Status: 0, VIEW command completed
[2025-11-06 22:29:18] [REQUEST] From client:5 [Sam] - Operation
[2025-11-06 22:29:30] [REQUEST] From client:5 [Sam] - Operation
[2025-11-06 22:29:30] [INFO] File created: hello.txt by Sam on SS 1
[2025-11-06 22:29:38] [REQUEST] From client:5 [Sam] - Operation
[2025-11-06 22:29:58] [REQUEST] From client:5 [Sam] - Operation
[2025-11-06 22:30:25] [REQUEST] From client:5 [Sam] - Operation
[2025-11-06 22:30:44] [REQUEST] From client:5 [Sam] - Operation
[2025-11-06 22:30:44] [RESPONSE] To client:5 - Status: 0, VIEW command completed
[2025-11-06 22:30:49] [REQUEST] From client:5 [Sam] - Operation
[2025-11-06 22:30:49] [RESPONSE] To client:5 - Status: 0, VIEW command completed
[2025-11-06 22:41:38] [REQUEST] From client:5 [Sam] - Operation
[2025-11-06 22:41:44] [REQUEST] From client:5 [Sam] - Operation
[2025-11-06 22:41:55] [REQUEST] From client:5 [Sam] - Operation
[2025-11-06 22:42:25] [REQUEST] From client:5 [Sam] - Operation
[2025-11-06 22:42:38] [REQUEST] From client:5 [Sam] - Operation
[2025-11-06 22:42:45] [REQUEST] From client:5 [Sam] - Operation
[2025-11-06 22:43:12] [REQUEST] From client:5 [Sam] - Operation
[2025-11-06 22:44:48] [REQUEST] From client:5 [Sam] - Operation
[2025-11-06 22:45:10] [REQUEST] From client:5 [Sam] - Operation
[2025-11-06 22:54:05] [REQUEST] From client:5 [Sam] - Operation
[2025-11-06 22:54:05] [INFO] File created: kriti.txt by Sam on SS 0
[2025-11-06 22:54:41] [REQUEST] From client:5 [Sam] - Operation
[2025-11-06 22:55:39] [REQUEST] From client:5 [Sam] - Operation
[2025-11-06 22:56:13] [REQUEST] From client:5 [Sam] - Operation
[2025-11-06 22:56:34] [REQUEST] From client:5 [Sam] - Operation
[2025-11-06 23:04:47] [INFO] Client disconnected
[2025-11-06 23:05:01] [INFO] Starting Name Server on port 8080
[2025-11-06 23:05:01] [INFO] Loaded 3 files and 2 storage servers from persistent storage
[2025-11-06 23:05:01] [INFO] Name Server listening for connections...
[2025-11-06 23:05:03] [INFO] New connection from 127.0.0.1:39982
[2025-11-06 23:05:03] [REQUEST] From client:4 [] - Operation
[2025-11-06 23:05:03] [INFO] Registered Storage Server 2: 127.0.0.1:9001 (client_port: 9101)
[2025-11-06 23:05:03] [INFO] Client disconnected
[2025-11-06 23:05:21] [INFO] Starting Name Server on port 8080
[2025-11-06 23:05:21] [INFO] Loaded 3 files and 3 storage servers from persistent storage
[2025-11-06 23:05:21] [INFO] Name Server listening for connections...
[2025-11-06 23:05:23] [INFO] New connection from 127.0.0.1:35212
[2025-11-06 23:05:23] [REQUEST] From client:4 [] - Operation
[2025-11-06 23:05:23] [INFO] Registered Storage Server 3: 127.0.0.1:9001 (client_port: 9101)
[2025-11-06 23:05:23] [INFO] Client disconnected
[2025-11-06 23:05:36] [INFO] New connection from 127.0.0.1:60818
[2025-11-06 23:05:36] [REQUEST] From client:5 [Sam] - Operation
[2025-11-06 23:05:36] [INFO] Registered Client: Sam from 127.0.0.1:10000
[2025-11-06 23:05:38] [REQUEST] From client:5 [Sam] - Operation
[2025-11-06 23:05:38] [RESPONSE] To client:5 - Status: 0, VIEW command completed
[2025-11-06 23:06:56] [REQUEST] From client:5 [Sam] - Operation
[2025-11-06 23:06:56] [INFO] File created: lala.txt by Sam on SS 3
[2025-11-06 23:07:09] [REQUEST] From client:5 [Sam] - Operation
[2025-11-06 23:08:07] [REQUEST] From client:5 [Sam] - Operation
[2025-11-06 23:08:16] [REQUEST] From client:5 [Sam] - Operation
[2025-11-06 23:08:37] [REQUEST] From client:5 [Sam] - Operation
[2025-11-06 23:08:45] [REQUEST] From client:5 [Sam] - Operation
[2025-11-06 23:09:02] [REQUEST] From client:5 [Sam] - Operation
[2025-11-06 23:09:51] [REQUEST] From client:5 [Sam] - Operation
[2025-11-06 23:15:27] [INFO] Client disconnected
[2025-11-06 23:15:48] [INFO] Starting Name Server on port 8080
[2025-11-06 23:15:48] [INFO] Loaded 4 files and 4 storage servers from persistent storage
[2025-11-06 23:15:48] [INFO] Name Server listening for connections...
[2025-11-06 23:15:51] [INFO] New connection from 127.0.0.1:49536
[2025-11-06 23:15:51] [REQUEST] From client:4 [] - Operation
[2025-11-06 23:15:51] [INFO] Registered Storage Server 4: 127.0.0.1:9001 (client_port: 9101)
[2025-11-06 23:15:51] [INFO] Client disconnected
[2025-11-06 23:16:01] [INFO] New connection from 127.0.0.1:51580
[2025-11-06 23:16:01] [REQUEST] From client:5 [Sam] - Operation
[2025-11-06 23:16:01] [INFO] Registered Client: Sam from 127.0.0.1:10000
[2025-11-06 23:16:15] [REQUEST] From client:5 [Sam] - Operation
[2025-11-06 23:16:15] [INFO] File created: bebo.txt by Sam on SS 4
[2025-11-06 23:16:25] [REQUEST] From client:5 [Sam] - Operation
[2025-11-06 23:22:03] [INFO] Starting Name Server on port 8080
[2025-11-06 23:22:03] [INFO] Loaded 5 files and 5 storage servers from persistent storage
[2025-11-06 23:22:03] [INFO] Name Server listening for connections...
[2025-11-06 23:22:06] [INFO] New connection from 127.0.0.1:60112
[2025-11-06 23:22:06] [REQUEST] From client:4 [] - Operation
[2025-11-06 23:22:06] [INFO] Registered Storage Server 5: 127.0.0.1:9001 (client_port: 9101)
[2025-11-06 23:22:06] [INFO] Client disconnected
[2025-11-06 23:22:26] [INFO] Starting Name Server on port 8080
[2025-11-06 23:22:26] [INFO] Loaded 5 files and 6 storage servers from persistent storage
[2025-11-06 23:22:26] [INFO] Name Server listening for connections...
[2025-11-06 23:22:29] [INFO] New connection from 127.0.0.1:51464
[2025-11-06 23:22:29] [REQUEST] From client:4 [] - Operation
[2025-11-06 23:22:29] [INFO] Registered Storage Server 6: 127.0.0.1:9001 (client_port: 9101)
[2025-11-06 23:22:29] [INFO] Client disconnected
[2025-11-06 23:22:35] [INFO] New connection from 127.0.0.1:42886
[2025-11-06 23:22:35] [REQUEST] From client:5 [Sam] - Operation
[2025-11-06 23:22:35] [INFO] Registered Client: Sam from 127.0.0.1:10000
[2025-11-06 23:22:46] [REQUEST] From client:5 [Sam] - Operation
[2025-11-06 23:22:46] [INFO] File created: mama.txt by Sam on SS 5
[2025-11-06 23:23:12] [REQUEST] From client:5 [Sam] - Operation
[2025-11-06 23:23:51] [REQUEST] From client:5 [Sam] - Operation
[2025-11-06 23:24:47] [REQUEST] From client:5 [Sam] - Operation
[2025-11-06 23:25:35] [REQUEST] From client:5 [Sam] - Operation
[2025-11-07 00:41:19] [REQUEST] From client:5 [Sam] - Operation
[2025-11-07 00:41:43] [REQUEST] From client:5 [Sam] - Operation
[2025-11-07 00:47:41] [INFO] Client disconnected
[2025-11-07 00:49:34] [INFO] Starting Name Server on port 8080
[2025-11-07 00:49:34] [INFO] Loaded 6 files and 7 storage servers from persistent storage
[2025-11-07 00:49:34] [INFO] Name Server listening for connections...
[2025-11-07 00:49:39] [INFO] New connection from 127.0.0.1:49048
[2025-11-07 00:49:39] [REQUEST] From client:4 [] - Operation
[2025-11-07 00:49:39] [INFO] Registered Storage Server 7: 127.0.0.1:9001 (client_port: 9101)
[2025-11-07 00:49:39] [INFO] Client disconnected
[2025-11-07 00:49:46] [INFO] New connection from 127.0.0.1:59490
[2025-11-07 00:49:46] [REQUEST] From client:5 [Sam] - Operation
[2025-11-07 00:49:46] [INFO] Registered Client: Sam from 127.0.0.1:10000
[2025-11-07 00:49:51] [REQUEST] From client:5 [Sam] - Operation
[2025-11-07 00:49:51] [RESPONSE] To client:5 - Status: 0, VIEW command completed
[2025-11-07 00:50:02] [REQUEST] From client:5 [Sam] - Operation
[2025-11-07 00:50:14] [REQUEST] From client:5 [Sam] - Operation
[2025-11-07 00:50:44] [REQUEST] From client:5 [Sam] - Operation
[2025-11-07 00:51:31] [REQUEST] From client:5 [Sam] - Operation
[2025-11-07 00:51:41] [REQUEST] From client:5 [Sam] - Operation
[2025-11-07 00:51:41] [INFO] File created: iiii.txt by Sam on SS 6
[2025-11-07 00:51:44] [REQUEST] From client:5 [Sam] - Operation
[2025-11-07 00:51:44] [RESPONSE] To client:5 - Status: 0, VIEW command completed
[2025-11-07 00:52:20] [REQUEST] From client:5 [Sam] - Operation
[2025-11-07 00:54:10] [INFO] Client disconnected
[2025-11-07 00:57:37] [INFO] Starting Name Server on port 8080
[2025-11-07 00:57:37] [INFO] Loaded 7 files and 8 storage servers from persistent storage
[2025-11-07 00:57:37] [INFO] Name Server listening for connections...
[2025-11-07 00:57:40] [INFO] New connection from 127.0.0.1:35934
[2025-11-07 00:57:40] [REQUEST] From client:4 [] - Operation
[2025-11-07 00:57:40] [INFO] Registered Storage Server 8: 127.0.0.1:9001 (client_port: 9101)
[2025-11-07 00:57:40] [INFO] Client disconnected
[2025-11-07 00:57:49] [INFO] New connection from 127.0.0.1:41100
[2025-11-07 00:57:49] [REQUEST] From client:5 [Sam] - Operation
[2025-11-07 00:57:49] [INFO] Registered Client: Sam from 127.0.0.1:10000
[2025-11-07 01:00:48] [INFO] New connection from 127.0.0.1:54026
[2025-11-07 01:00:48] [REQUEST] From client:4 [Ghutna] - Operation
[2025-11-07 01:00:48] [INFO] Registered Client: Ghutna from 127.0.0.1:10000
[2025-11-07 01:01:21] [REQUEST] From client:5 [Sam] - Operation
[2025-11-07 01:01:21] [RESPONSE] To client:5 - Status: 0, VIEW command completed
[2025-11-07 01:01:35] [REQUEST] From client:5 [Sam] - Operation
[2025-11-07 01:01:45] [REQUEST] From client:4 [Ghutna] - Operation
[2025-11-07 01:01:45] [RESPONSE] To client:4 - Status: 0, VIEW command completed
[2025-11-07 01:01:56] [REQUEST] From client:4 [Ghutna] - Operation
[2025-11-07 01:02:29] [REQUEST] From client:5 [Sam] - Operation
[2025-11-07 01:02:29] [INFO] Access granted to Ghutna for file mama.txt
[2025-11-07 01:02:43] [REQUEST] From client:4 [Ghutna] - Operation
[2025-11-07 01:02:51] [REQUEST] From client:5 [Sam] - Operation
[2025-11-07 01:03:59] [REQUEST] From client:5 [Sam] - Operation
[2025-11-07 01:03:59] [INFO] Executed file: mama.txt by Sam
[2025-11-07 01:04:25] [REQUEST] From client:4 [Ghutna] - Operation
[2025-11-07 01:04:25] [INFO] Executed file: mama.txt by Ghutna
[2025-11-07 01:08:08] [REQUEST] From client:5 [Sam] - Operation
[2025-11-07 01:08:08] [INFO] Access granted to Ghutna for file mama.txt
[2025-11-07 01:08:25] [REQUEST] From client:4 [Ghutna] - Operation
[2025-11-07 01:08:45] [REQUEST] From client:4 [Ghutna] - Operation
[2025-11-07 01:09:02] [REQUEST] From client:5 [Sam] - Operation
[2025-11-07 01:09:36] [REQUEST] From client:5 [Sam] - Operation
[2025-11-07 01:09:36] [RESPONSE] To client:5 - Status: 0, VIEW command completed
[2025-11-07 01:09:50] [REQUEST] From client:5 [Sam] - Operation
[2025-11-07 01:09:50] [RESPONSE] To client:5 - Status: 0, VIEW command completed
[2025-11-07 01:09:56] [REQUEST] From client:5 [Sam] - Operation
[2025-11-07 01:09:56] [RESPONSE] To client:5 - Status: 0, VIEW command completed
[2025-11-07 01:10:21] [REQUEST] From client:5 [Sam] - Operation
[2025-11-07 01:10:31] [REQUEST] From client:5 [Sam] - Operation
[2025-11-07 01:10:42] [REQUEST] From client:4 [Ghutna] - Operation
[2025-11-07 01:13:02] [REQUEST] From client:5 [Sam] - Operation
[2025-11-07 01:16:08] [INFO] Client disconnected
[2025-11-07 01:16:41] [INFO] Starting Name Server on port 8080
[2025-11-07 01:16:41] [INFO] Loaded 7 files and 9 storage servers from persistent storage
[2025-11-07 01:16:41] [INFO] Name Server listening for connections...
[2025-11-07 01:16:43] [INFO] New connection from 127.0.0.1:58414
[2025-11-07 01:16:43] [REQUEST] From client:4 [] - Operation
[2025-11-07 01:16:43] [INFO] Registered Storage Server 9: 127.0.0.1:9001 (client_port: 9101)
[2025-11-07 01:16:43] [INFO] Client disconnected
[2025-11-07 01:16:50] [INFO] New connection from 127.0.0.1:58416
[2025-11-07 01:16:50] [REQUEST] From client:5 [Sam] - Operation
[2025-11-07 01:16:50] [INFO] Registered Client: Sam from 127.0.0.1:10000
[2025-11-07 01:16:52] [REQUEST] From client:5 [Sam] - Operation
[2025-11-07 01:17:24] [INFO] New connection from 127.0.0.1:51564
[2025-11-07 01:17:24] [REQUEST] From client:4 [Ghutna] - Operation
[2025-11-07 01:17:24] [INFO] Registered Client: Ghutna from 127.0.0.1:10000
[2025-11-07 01:17:27] [REQUEST] From client:4 [Ghutna] - Operation
[2025-11-07 01:17:46] [REQUEST] From client:5 [Sam] - Operation
[2025-11-07 01:17:53] [REQUEST] From client:5 [Sam] - Operation
[2025-11-07 01:17:53] [RESPONSE] To client:5 - Status: 0, VIEW command completed
[2025-11-07 01:17:57] [REQUEST] From client:5 [Sam] - Operation
[2025-11-07 01:17:57] [RESPONSE] To client:5 - Status: 0, VIEW command completed
[2025-11-07 01:18:15] [INFO] Client disconnected
[2025-11-07 01:18:19] [REQUEST] From client:4 [Ghutna] - Operation
[2025-11-07 01:18:22] [REQUEST] From client:4 [Ghutna] - Operation
[2025-11-07 01:18:26] [REQUEST] From client:4 [Ghutna] - Operation
[2025-11-07 01:18:28] [INFO] Client disconnected
[2025-11-07 01:18:33] [INFO] New connection from 127.0.0.1:55116
[2025-11-07 01:18:33] [REQUEST] From client:6 [Ghutna] - Operation
[2025-11-07 01:18:33] [INFO] Registered Client: Ghutna from 127.0.0.1:10000
[2025-11-07 01:18:35] [REQUEST] From client:6 [Ghutna] - Operation
[2025-11-07 01:19:04] [INFO] New connection from 127.0.0.1:60952
[2025-11-07 01:19:04] [REQUEST] From client:4 [Sam] - Operation
[2025-11-07 01:19:04] [INFO] Registered Client: Sam from 127.0.0.1:10000
[2025-11-07 01:19:07] [REQUEST] From client:4 [Sam] - Operation
[2025-11-07 01:19:29] [REQUEST] From client:4 [Sam] - Operation
[2025-11-07 01:26:38] [INFO] Starting Name Server on port 8080
[2025-11-07 01:26:38] [INFO] Loaded 7 files and 10 storage servers from persistent storage
[2025-11-07 01:26:38] [INFO] Name Server listening for connections...
[2025-11-07 01:26:43] [INFO] New connection from 127.0.0.1:44740
[2025-11-07 01:26:43] [REQUEST] From client:4 [] - Operation
[2025-11-07 01:26:43] [INFO] Registered Storage Server 10: 127.0.0.1:9001 (client_port: 9101)
[2025-11-07 01:26:43] [INFO] Client disconnected
[2025-11-07 01:26:50] [INFO] New connection from 127.0.0.1:44742
[2025-11-07 01:26:50] [REQUEST] From client:5 [Sam] - Operation
[2025-11-07 01:26:50] [INFO] Registered Client: Sam from 127.0.0.1:10000
[2025-11-07 01:26:52] [REQUEST] From client:5 [Sam] - Operation
[2025-11-07 01:26:56] [INFO] Client disconnected
[2025-11-07 01:27:01] [INFO] New connection from 127.0.0.1:37998
[2025-11-07 01:27:01] [REQUEST] From client:4 [Sam] - Operation
[2025-11-07 01:27:01] [INFO] Re-registered Client: Sam from 127.0.0.1:10000
[2025-11-07 01:27:04] [REQUEST] From client:4 [Sam] - Operation
[2025-11-07 01:27:12] [INFO] New connection from 127.0.0.1:40160
[2025-11-07 01:27:12] [REQUEST] From client:5 [Ghutna] - Operation
[2025-11-07 01:27:12] [INFO] Registered Client: Ghutna from 127.0.0.1:10000
[2025-11-07 01:27:14] [REQUEST] From client:5 [Ghutna] - Operation
[2025-11-07 01:27:26] [REQUEST] From client:5 [Ghutna] - Operation
[2025-11-07 01:28:09] [REQUEST] From client:4 [Sam] - Operation
[2025-11-07 01:28:21] [REQUEST] From client:4 [Sam] - Operation
[2025-11-07 01:28:33] [REQUEST] From client:5 [Ghutna] - Operation
[2025-11-07 01:29:12] [REQUEST] From client:5 [Ghutna] - Operation
[2025-11-07 01:29:42] [REQUEST] From client:4 [Sam] - Operation
[2025-11-07 01:29:51] [REQUEST] From client:5 [Ghutna] - Operation
[2025-11-07 01:30:04] [REQUEST] From client:5 [Ghutna] - Operation
[2025-11-07 01:31:20] [REQUEST] From client:5 [Ghutna] - Operation
[2025-11-07 01:33:49] [REQUEST] From client:5 [Ghutna] - Operation
[2025-11-07 01:33:49] [INFO] Executed file: mama.txt by Ghutna
[2025-11-07 01:34:03] [REQUEST] From client:5 [Ghutna] - Operation
[2025-11-07 01:34:03] [RESPONSE] To client:5 - Status: 0, VIEW command completed
[2025-11-07 01:34:17] [REQUEST] From client:4 [Sam] - Operation
[2025-11-07 01:34:17] [RESPONSE] To client:4 - Status: 0, VIEW command completed
[2025-11-07 01:34:30] [REQUEST] From client:4 [Sam] - Operation
[2025-11-07 01:34:30] [INFO] File deleted: iiii.txt by Sam
[2025-11-07 01:34:34] [REQUEST] From client:4 [Sam] - Operation
[2025-11-07 01:34:34] [RESPONSE] To client:4 - Status: 0, VIEW command completed
[2025-11-07 01:34:49] [REQUEST] From client:4 [Sam] - Operation
[2025-11-07 01:35:02] [REQUEST] From client:4 [Sam] - Operation
[2025-11-07 01:35:07] [REQUEST] From client:4 [Sam] - Operation
[2025-11-07 01:35:07] [RESPONSE] To client:4 - Status: 0, VIEW command completed
[2025-11-07 01:35:37] [REQUEST] From client:5 [Ghutna] - Operation
[2025-11-07 01:35:37] [RESPONSE] To client:5 - Status: 0, VIEW command completed
[2025-11-07 01:35:41] [REQUEST] From client:5 [Ghutna] - Operation
[2025-11-07 01:35:41] [RESPONSE] To client:5 - Status: 0, VIEW command completed
[2025-11-07 01:35:46] [REQUEST] From client:5 [Ghutna] - Operation
[2025-11-07 01:35:46] [RESPONSE] To client:5 - Status: 0, VIEW command completed
[2025-11-07 01:35:59] [REQUEST] From client:5 [Ghutna] - Operation
[2025-11-07 01:35:59] [RESPONSE] To client:5 - Status: 0, VIEW command completed
[2025-11-07 01:36:13] [REQUEST] From client:5 [Ghutna] - Operation
[2025-11-07 01:37:01] [REQUEST] From client:4 [Sam] - Operation
[2025-11-07 01:37:01] [INFO] Access granted to Ghutna for file hello.txt
[2025-11-07 01:37:10] [REQUEST] From client:5 [Ghutna] - Operation
[2025-11-07 01:37:10] [RESPONSE] To client:5 - Status: 0, VIEW command completed
[2025-11-07 01:37:16] [REQUEST] From client:5 [Ghutna] - Operation
[2025-11-07 01:37:16] [RESPONSE] To client:5 - Status: 0, VIEW command completed
[2025-11-07 01:37:19] [REQUEST] From client:5 [Ghutna] - Operation
[2025-11-07 01:37:19] [RESPONSE] To client:5 - Status: 0, VIEW command completed
[2025-11-07 01:38:04] [REQUEST] From client:4 [Sam] - Operation
[2025-11-07 01:38:04] [INFO] Access removed from Ghutna for file hello.txt
[2025-11-07 01:38:09] [REQUEST] From client:5 [Ghutna] - Operation
[2025-11-07 01:38:09] [RESPONSE] To client:5 - Status: 0, VIEW command completed
[2025-11-07 01:38:20] [REQUEST] From client:5 [Ghutna] - Operation
[2025-11-07 01:38:20] [INFO] File created: kaka.txt by Ghutna on SS 7
[2025-11-07 01:38:27] [REQUEST] From client:4 [Sam] - Operation
[2025-11-07 01:38:27] [RESPONSE] To client:4 - Status: 0, VIEW command completed
[2025-11-07 01:38:31] [REQUEST] From client:4 [Sam] - Operation
[2025-11-07 01:38:31] [RESPONSE] To client:4 - Status: 0, VIEW command completed
[2025-11-07 01:38:55] [REQUEST] From client:4 [Sam] - Operation
[2025-11-07 01:39:02] [REQUEST] From client:4 [Sam] - Operation
[2025-11-07 01:39:02] [INFO] File deleted: bebo.txt by Sam
[2025-11-07 01:39:05] [REQUEST] From client:4 [Sam] - Operation
[2025-11-07 01:39:05] [RESPONSE] To client:4 - Status: 0, VIEW command completed
[2025-11-07 01:39:13] [REQUEST] From client:4 [Sam] - Operation
[2025-11-08 21:23:00] [INFO] Starting Name Server on port 8080
[2025-11-08 21:23:00] [INFO] Loaded 8 files and 11 storage servers from persistent storage
[2025-11-08 21:23:00] [INFO] Name Server listening for connections...
[2025-11-08 21:23:04] [INFO] New connection from 127.0.0.1:37320
[2025-11-08 21:23:04] [REQUEST] From client:4 [] - Operation
[2025-11-08 21:23:04] [INFO] Registered Storage Server 11: 127.0.0.1:9001 (client_port: 9101)
[2025-11-08 21:23:04] [INFO] Client disconnected
[2025-11-08 21:23:13] [INFO] New connection from 127.0.0.1:41920
[2025-11-08 21:23:13] [REQUEST] From client:5 [SAMARTH] - Operation
[2025-11-08 21:23:13] [INFO] Registered Client: SAMARTH from 127.0.0.1:10000
[2025-11-08 21:23:16] [REQUEST] From client:5 [SAMARTH] - Operation
[2025-11-08 21:23:33] [REQUEST] From client:5 [SAMARTH] - Operation
[2025-11-08 21:23:33] [RESPONSE] To client:5 - Status: 0, VIEW command completed
[2025-11-08 21:23:39] [REQUEST] From client:5 [SAMARTH] - Operation
[2025-11-08 21:23:39] [RESPONSE] To client:5 - Status: 0, VIEW command completed
[2025-11-08 21:23:43] [REQUEST] From client:5 [SAMARTH] - Operation
[2025-11-08 21:23:43] [RESPONSE] To client:5 - Status: 0, VIEW command completed
[2025-11-08 21:23:51] [REQUEST] From client:5 [SAMARTH] - Operation
[2025-11-08 21:23:51] [RESPONSE] To client:5 - Status: 0, VIEW command completed
[2025-11-08 21:36:30] [INFO] Starting Name Server on port 8080
[2025-11-08 21:36:30] [INFO] Loaded 8 files and 12 storage servers from persistent storage
[2025-11-08 21:36:30] [INFO] Name Server listening for connections...
[2025-11-08 21:37:09] [INFO] New connection from 127.0.0.1:49572
[2025-11-08 21:37:09] [REQUEST] From client:4 [] - Operation
[2025-11-08 21:37:09] [INFO] Registered Storage Server 12: 127.0.0.1:192 (client_port: 172)
[2025-11-08 21:37:09] [INFO] Client disconnected
[2025-11-08 21:41:23] [INFO] New connection from 192.168.137.14:47972
[2025-11-08 21:41:23] [REQUEST] From client:5 [Hello] - Operation
[2025-11-08 21:41:23] [INFO] Registered Client: Hello from 0.0.0.0:10000
[2025-11-08 21:41:26] [REQUEST] From client:5 [Hello] - Operation
[2025-11-08 21:42:40] [REQUEST] From client:5 [Hello] - Operation
[2025-11-08 21:42:46] [REQUEST] From client:5 [Hello] - Operation
[2025-11-08 21:42:46] [RESPONSE] To client:5 - Status: 0, VIEW command completed
[2025-11-08 21:42:50] [REQUEST] From client:5 [Hello] - Operation
[2025-11-08 21:42:50] [RESPONSE] To client:5 - Status: 0, VIEW command completed
[2025-11-08 21:43:27] [INFO] Client disconnected
[2025-11-08 23:12:03] [INFO] Starting Name Server on port 8080
[2025-11-08 23:12:03] [INFO] Loaded 8 files and 13 storage servers from persistent storage
[2025-11-08 23:12:03] [INFO] Name Server listening for connections...
[2025-11-08 23:14:23] [INFO] Starting Name Server on port 8080
[2025-11-08 23:14:23] [INFO] Loaded 8 files and 13 storage servers from persistent storage
[2025-11-08 23:14:23] [INFO] Name Server listening for connections...
[2025-11-08 23:14:49] [INFO] New connection from 127.0.0.1:32962
[2025-11-08 23:14:49] [REQUEST] From client:4 [] - Operation
[2025-11-08 23:14:49] [INFO] Registered Storage Server 13: 127.0.0.1:9001 (client_port: 9101)
[2025-11-08 23:14:49] [INFO] Client disconnected
[2025-11-08 23:15:02] [INFO] New connection from 127.0.0.1:35058
[2025-11-08 23:15:02] [REQUEST] From client:5 [samyak] - Operation
[2025-11-08 23:15:02] [INFO] Registered Client: samyak from 0.0.0.0:10000
[2025-11-08 23:15:05] [REQUEST] From client:5 [samyak] - Operation
[2025-11-08 23:15:05] [RESPONSE] To client:5 - Status: 0, VIEW command completed
[2025-11-08 23:15:54] [INFO] Client disconnected
[2025-11-08 23:16:05] [INFO] Starting Name Server on port 8080
[2025-11-08 23:16:05] [INFO] Loaded 8 files and 14 storage servers from persistent storage
[2025-11-08 23:16:05] [INFO] Name Server listening for connections...
[2025-11-08 23:16:13] [INFO] New connection from 127.0.0.1:51068
[2025-11-08 23:16:13] [REQUEST] From client:4 [samyak] - Operation
[2025-11-08 23:16:13] [INFO] Registered Client: samyak from 0.0.0.0:10000
[2025-11-08 23:16:19] [REQUEST] From client:4 [samyak] - Operation
[2025-11-08 23:16:19] [RESPONSE] To client:4 - Status: 0, VIEW command completed
[2025-11-08 23:16:37] [INFO] Client disconnected
[2025-11-08 23:18:49] [INFO] Starting Name Server on port 8080
[2025-11-08 23:18:49] [INFO] Loaded 8 files and 14 storage servers from persistent storage
[2025-11-08 23:18:49] [INFO] Name Server listening for connections...
[2025-11-13 15:32:20] [INFO] Starting Name Server on port 8080
[2025-11-13 15:32:20] [INFO] Loaded 8 files and 14 storage servers from persistent storage
[2025-11-13 15:32:20] [INFO] Name Server listening for connections...
[2025-11-13 15:32:41] [INFO] New connection from 127.0.0.1:39130
[2025-11-13 15:32:41] [REQUEST] From client:4 [] - Operation
[2025-11-13 15:32:41] [INFO] Registered Storage Server 14: 127.0.0.1:9001 (client_port: 9101)
[2025-11-13 15:32:41] [INFO] Client disconnected
[2025-11-13 15:33:04] [INFO] New connection from 127.0.0.1:60496
[2025-11-13 15:33:04] [REQUEST] From client:5 [Samarth] - Operation
[2025-11-13 15:33:04] [INFO] Registered Client: Samarth from 0.0.0.0:10000
[2025-11-13 15:33:25] [REQUEST] From client:5 [Samarth] - Operation
[2025-11-13 15:33:25] [RESPONSE] To client:5 - Status: 0, VIEW command completed
[2025-11-13 15:33:42] [REQUEST] From client:5 [Samarth] - Operation
[2025-11-13 15:33:42] [RESPONSE] To client:5 - Status: 0, VIEW command completed
[2025-11-13 15:34:07] [REQUEST] From client:5 [Samarth] - Operation
[2025-11-13 15:34:07] [RESPONSE] To client:5 - Status: 0, VIEW command completed
[2025-11-13 15:34:17] [REQUEST] From client:5 [Samarth] - Operation
[2025-11-13 15:34:52] [REQUEST] From client:5 [Samarth] - Operation
[2025-11-13 15:35:08] [REQUEST] From client:5 [Samarth] - Operation
[2025-11-13 15:35:21] [REQUEST] From client:5 [Samarth] - Operation
[2025-11-13 15:35:32] [REQUEST] From client:5 [Samarth] - Operation
[2025-11-13 15:35:41] [REQUEST] From client:5 [Samarth] - Operation
[2025-11-13 15:36:30] [REQUEST] From client:5 [Samarth] - Operation
[2025-11-13 15:36:35] [REQUEST] From client:5 [Samarth] - Operation
[2025-11-13 15:37:03] [REQUEST] From client:5 [Samarth] - Operation
[2025-11-13 15:37:10] [REQUEST] From client:5 [Samarth] - Operation
[2025-11-13 15:37:10] [RESPONSE] To client:5 - Status: 0, VIEW command completed
[2025-11-13 15:37:24] [REQUEST] From client:5 [Samarth] - Operation
[2025-11-13 15:37:37] [REQUEST] From client:5 [Samarth] - Operation
[2025-11-13 15:37:37] [INFO] File deleted: sam.txt by Samarth
[2025-11-13 15:38:38] [REQUEST] From client:5 [Samarth] - Operation
[2025-11-13 15:38:54] [REQUEST] From client:5 [Samarth] - Operation
[2025-11-13 15:38:54] [INFO] File created: sam.txt by Samarth on SS 8
[2025-11-13 15:39:06] [REQUEST] From client:5 [Samarth] - Operation
[2025-11-13 15:39:06] [INFO] File deleted: sam.txt by Samarth
[2025-11-13 15:45:08] [INFO] Client disconnected
[2025-11-13 15:45:27] [INFO] Starting Name Server on port 8080
[2025-11-13 15:45:28] [INFO] Loaded 9 files and 15 storage servers from persistent storage
[2025-11-13 15:45:28] [INFO] Name Server listening for connections...
[2025-11-13 15:45:34] [INFO] New connection from 127.0.0.1:59036
[2025-11-13 15:45:34] [REQUEST] From client:4 [] - Operation
[2025-11-13 15:45:34] [INFO] Registered Storage Server 15: 127.0.0.1:9001 (client_port: 9101)
[2025-11-13 15:45:34] [INFO] Client disconnected
[2025-11-13 15:45:53] [INFO] New connection from 127.0.0.1:37544
[2025-11-13 15:45:53] [REQUEST] From client:5 [Samarth] - Operation
[2025-11-13 15:45:53] [INFO] Registered Client: Samarth from 0.0.0.0:10000
[2025-11-13 15:45:57] [REQUEST] From client:5 [Samarth] - Operation
[2025-11-13 15:45:57] [RESPONSE] To client:5 - Status: 0, VIEW command completed
[2025-11-13 15:46:07] [REQUEST] From client:5 [Samarth] - Operation
[2025-11-13 15:46:07] [RESPONSE] To client:5 - Status: 0, VIEW command completed
[2025-11-13 15:47:35] [REQUEST] From client:5 [Samarth] - Operation
[2025-11-13 15:48:08] [REQUEST] From client:5 [Samarth] - Operation
[2025-11-13 15:50:00] [REQUEST] From client:5 [Samarth] - Operation
[2025-11-13 15:50:00] [INFO] File deleted: sam.txt by Samarth
[2025-11-13 15:50:08] [REQUEST] From client:5 [Samarth] - Operation
[2025-11-13 15:50:08] [RESPONSE] To client:5 - Status: 0, VIEW command completed
[2025-11-13 15:50:17] [REQUEST] From client:5 [Samarth] - Operation
[2025-11-13 15:50:17] [RESPONSE] To client:5 - Status: 0, VIEW command completed
[2025-11-13 15:53:19] [REQUEST] From client:5 [Samarth] - Operation
[2025-11-13 15:53:19] [INFO] File created: sam.txt by Samarth on SS 9
[2025-11-13 15:53:33] [REQUEST] From client:5 [Samarth] - Operation
[2025-11-13 15:53:33] [RESPONSE] To client:5 - Status: 0, VIEW command completed
[2025-11-13 15:53:46] [REQUEST] From client:5 [Samarth] - Operation
[2025-11-13 15:53:46] [RESPONSE] To client:5 - Status: 0, VIEW command completed
[2025-11-13 15:54:35] [REQUEST] From client:5 [Samarth] - Operation
[2025-11-13 16:00:01] [INFO] Client disconnected
[2025-11-13 16:04:54] [INFO] Starting Name Server on port 8080
[2025-11-13 16:06:28] [INFO] Starting Name Server on port 8080
[2025-11-13 16:06:33] [INFO] Starting Name Server on port 8080
[2025-11-13 16:09:29] [INFO] Starting Name Server on port 8080
[2025-11-13 16:13:46] [INFO] Starting Name Server on port 8080
[2025-11-13 16:16:08] [INFO] Starting Name Server on port 8080
[2025-11-13 16:16:08] [INFO] Loaded 10 files and 16 storage servers from persistent storage
[2025-11-13 16:16:08] [INFO] Name Server listening for connections...
[2025-11-13 16:16:58] [INFO] Starting Name Server on port 8080
[2025-11-13 16:16:58] [INFO] Loaded 10 files and 16 storage servers from persistent storage
[2025-11-13 16:16:58] [INFO] Name Server listening for connections...
[2025-11-13 16:17:06] [INFO] New connection from 127.0.0.1:44620
[2025-11-13 16:17:06] [REQUEST] From client:4 [] - Operation
[2025-11-13 16:17:06] [INFO] Registered Storage Server 16: 127.0.0.1:9001 (client_port: 9101)
[2025-11-13 16:17:06] [INFO] Client disconnected
[2025-11-13 16:17:21] [INFO] New connection from 127.0.0.1:55832
[2025-11-13 16:17:21] [REQUEST] From client:5 [Sam] - Operation
[2025-11-13 16:17:21] [INFO] Registered Client: Sam from 0.0.0.0:10000
[2025-11-13 16:17:30] [REQUEST] From client:5 [Sam] - Operation
[2025-11-13 16:17:30] [RESPONSE] To client:5 - Status: 0, VIEW command completed
[2025-11-13 16:17:53] [REQUEST] From client:5 [Sam] - Operation
[2025-11-13 16:17:53] [INFO] File deleted: iiii.txt by Sam
[2025-11-13 16:18:08] [REQUEST] From client:5 [Sam] - Operation
[2025-11-13 16:18:08] [INFO] File deleted: mama.txt by Sam
[2025-11-13 16:18:19] [INFO] Client disconnected
