[2025-11-18 21:53:14] [INFO] Starting Storage Server on ports NM:9001 Client:9101
[2025-11-18 21:53:14] [INFO] Registered with NM 127.0.0.1:8080, assigned ID: 0
[2025-11-18 21:53:14] [INFO] Listening for NM connections on port 9001
[2025-11-18 21:53:14] [INFO] Listening for client connections on port 9101
[2025-11-18 21:55:29] [INFO] File created: baba.txt
[2025-11-18 21:55:30] [INFO] File created: manja.txt
[2025-11-18 21:55:34] [REQUEST] From client:6 [Samarth] - Client operation
[2025-11-18 21:55:34] [INFO] LOCK request for baba.txt sentence 0 by Samarth
[2025-11-18 21:55:34] [INFO] Sentence 0 locked by Samarth (total locks: 1)
[2025-11-18 21:56:11] [INFO] File read: baba.txt by NM
[2025-11-18 21:56:11] [INFO] File read: manja.txt by NM
[2025-11-18 21:57:29] [REQUEST] From client:6 [Samarth] - Client operation
[2025-11-18 21:57:29] [INFO] WRITE request for baba.txt sentence 0 by Samarth
[2025-11-18 21:57:29] [INFO] Loaded content, length: 0
[2025-11-18 21:57:29] [INFO] Parsed 0 sentences
[2025-11-18 21:57:29] [INFO] Processing write data: 1 lala
2 very
3 handsome boy

[2025-11-18 21:57:29] [INFO] Saved new content, length: 22
[2025-11-18 21:57:29] [INFO] Write completed successfully for baba.txt
[2025-11-18 21:57:29] [REQUEST] From client:6 [Samarth] - Client operation
[2025-11-18 21:57:29] [INFO] UNLOCK request for baba.txt sentence 0 by Samarth
[2025-11-18 21:57:29] [INFO] Sentence 0 unlocked by Samarth (remaining locks: 0)
[2025-11-18 21:57:35] [INFO] File read: baba.txt by NM
[2025-11-18 21:57:35] [INFO] File read: manja.txt by NM
[2025-11-18 22:01:20] [INFO] Starting Storage Server on ports NM:9002 Client:9102
[2025-11-18 22:01:20] [INFO] Registered with NM 127.0.0.1:8080, assigned ID: 1
[2025-11-18 22:01:20] [INFO] Listening for NM connections on port 9002
[2025-11-18 22:01:20] [INFO] Listening for client connections on port 9102
[2025-11-18 22:01:35] [INFO] File created: gandu.txt
[2025-11-18 22:01:35] [INFO] File created: gandu.txt
